{"level":"info","message":"Server is running on port 5000","timestamp":"2025-05-13T01:41:36.809Z"}
{"level":"info","message":"Database tables created successfully","timestamp":"2025-05-13T01:41:36.926Z"}
{"level":"info","message":"Server is running on port 5000","timestamp":"2025-05-13T01:58:18.595Z"}
{"level":"info","message":"Database tables created successfully","timestamp":"2025-05-13T01:58:18.600Z"}
{"level":"info","message":"Server is running on port 5000","timestamp":"2025-05-13T02:54:18.188Z"}
{"level":"info","message":"Database tables created successfully","timestamp":"2025-05-13T02:54:18.194Z"}
{"level":"info","message":"Server is running on port 5000","timestamp":"2025-05-13T03:09:29.511Z"}
{"level":"info","message":"Database tables created successfully","timestamp":"2025-05-13T03:09:29.518Z"}
{"level":"info","message":"Server is running on port 5000","timestamp":"2025-05-13T03:31:49.393Z"}
{"level":"info","message":"Database tables created successfully","timestamp":"2025-05-13T03:31:49.398Z"}
{"level":"info","message":"Server is running on port 5000","timestamp":"2025-05-13T03:34:47.598Z"}
{"level":"info","message":"Database tables created successfully","timestamp":"2025-05-13T03:34:47.603Z"}
{"level":"info","message":"Server is running on port 5000","timestamp":"2025-05-13T03:35:37.119Z"}
{"level":"info","message":"Database tables created successfully","timestamp":"2025-05-13T03:35:37.124Z"}
{"level":"info","message":"receive code: de3f104996adb51bPEFuCLF0UZXQ4QBEt4J7_lq, state: ","timestamp":"2025-05-13T03:39:00.809Z"}
{"level":"error","message":"Error in callback: CredentialClient is not a constructor","timestamp":"2025-05-13T03:39:00.810Z"}
{"level":"info","message":"receive code: de3f104996adb51bPEFuCLF0UZXQ4QBEt4J7_lq, state: ","timestamp":"2025-05-13T03:40:21.104Z"}
{"level":"error","message":"Error in callback: CredentialClient is not a constructor","timestamp":"2025-05-13T03:40:21.104Z"}
{"level":"info","message":"Server is running on port 5000","timestamp":"2025-05-13T03:43:44.809Z"}
{"level":"info","message":"Database tables created successfully","timestamp":"2025-05-13T03:43:44.814Z"}
{"level":"info","message":"receive code: de3f104996adb51bM6fR49Mu6KID2jSWmjd7_lf, state: ","timestamp":"2025-05-13T03:44:27.028Z"}
{"level":"error","message":"Error in callback: Client is not defined","timestamp":"2025-05-13T03:44:27.028Z"}
{"level":"info","message":"Server is running on port 5000","timestamp":"2025-05-13T03:45:05.636Z"}
{"level":"info","message":"Database tables created successfully","timestamp":"2025-05-13T03:45:05.641Z"}
{"level":"info","message":"receive code: de3f104996adb51bM6fR49Mu6KID2jSWmjd7_lf, state: ","timestamp":"2025-05-13T03:45:13.925Z"}
{"level":"error","message":"Error in callback: Client is not a constructor","timestamp":"2025-05-13T03:45:13.925Z"}
{"level":"info","message":"receive code: de3f104996adb51b0n1iFSqhFyTgsgJ79JMK_lf, state: ","timestamp":"2025-05-13T03:45:38.221Z"}
{"level":"error","message":"Error in callback: Client is not a constructor","timestamp":"2025-05-13T03:45:38.222Z"}
{"level":"info","message":"Server is running on port 5000","timestamp":"2025-05-13T03:50:50.003Z"}
{"level":"info","message":"Database tables created successfully","timestamp":"2025-05-13T03:50:50.009Z"}
{"level":"info","message":"receive code: de3f104996adb51b0n1iFSqhFyTgsgJ79JMK_lf, state: ","timestamp":"2025-05-13T03:50:56.269Z"}
{"level":"error","message":"Error in callback: Client is not a constructor","timestamp":"2025-05-13T03:50:56.270Z"}
{"level":"info","message":"Server is running on port 5000","timestamp":"2025-05-13T03:53:24.737Z"}
{"level":"info","message":"Database tables created successfully","timestamp":"2025-05-13T03:53:24.745Z"}
{"level":"info","message":"receive code: de3f104996adb51b0n1iFSqhFyTgsgJ79JMK_lf, state: ","timestamp":"2025-05-13T03:53:27.795Z"}
{"level":"error","message":"Error in callback: Client is not a constructor","timestamp":"2025-05-13T03:53:27.796Z"}
{"level":"info","message":"Server is running on port 5000","timestamp":"2025-05-13T03:53:36.862Z"}
{"level":"info","message":"Database tables created successfully","timestamp":"2025-05-13T03:53:36.867Z"}
{"level":"info","message":"Server is running on port 5000","timestamp":"2025-05-13T03:55:28.462Z"}
{"level":"info","message":"Database tables created successfully","timestamp":"2025-05-13T03:55:28.468Z"}
{"level":"info","message":"receive code: de3f104996adb51byh5pHlbthcE4QRvKafai_lf, state: ","timestamp":"2025-05-13T03:55:42.510Z"}
{"level":"info","message":"Server is running on port 5000","timestamp":"2025-05-13T03:56:38.323Z"}
{"level":"info","message":"Database tables created successfully","timestamp":"2025-05-13T03:56:38.331Z"}
{"level":"info","message":"Server is running on port 5000","timestamp":"2025-05-13T03:56:39.793Z"}
{"level":"info","message":"Database tables created successfully","timestamp":"2025-05-13T03:56:39.806Z"}
{"level":"info","message":"receive code: de3f104996adb51byh5pHlbthcE4QRvKafai_lf, state: ","timestamp":"2025-05-13T03:56:45.172Z"}
{"level":"info","message":"Server is running on port 5000","timestamp":"2025-05-13T05:12:52.718Z"}
{"level":"info","message":"Database tables created successfully","timestamp":"2025-05-13T05:12:52.731Z"}
{"level":"info","message":"receive code: de3f104996adb51bwKwyPVtCtLbOKvUgMSrT_lq, state: ","timestamp":"2025-05-13T05:13:20.724Z"}
{"level":"info","message":"Server is running on port 5000","timestamp":"2025-05-13T05:17:39.691Z"}
{"level":"info","message":"Database tables created successfully","timestamp":"2025-05-13T05:17:39.699Z"}
{"level":"info","message":"receive code: de3f104996adb51bJrOY7zbNZWJFt3tLXyFU_lf, state: ","timestamp":"2025-05-13T05:18:09.130Z"}
{"level":"info","message":"Server is running on port 5000","timestamp":"2025-05-13T05:18:43.945Z"}
{"level":"info","message":"Database tables created successfully","timestamp":"2025-05-13T05:18:43.952Z"}
{"level":"info","message":"receive code: de3f104996adb51bijqWXjuekUulwTh3yjbw_hl, state: ","timestamp":"2025-05-13T05:19:06.416Z"}
{"level":"info","message":"Server is running on port 5000","timestamp":"2025-05-13T05:19:33.581Z"}
{"level":"info","message":"Database tables created successfully","timestamp":"2025-05-13T05:19:33.590Z"}
{"level":"info","message":"Server is running on port 5001","timestamp":"2025-05-13T06:47:09.333Z"}
{"level":"info","message":"Database tables created successfully","timestamp":"2025-05-13T06:47:09.343Z"}
{"level":"info","message":"Server is running on port 5001","timestamp":"2025-05-13T06:51:28.365Z"}
{"level":"info","message":"Database tables created successfully","timestamp":"2025-05-13T06:51:28.370Z"}
{"level":"info","message":"Server is running on port 5001","timestamp":"2025-05-13T06:51:44.326Z"}
{"level":"info","message":"Database tables created successfully","timestamp":"2025-05-13T06:51:44.331Z"}
{"level":"info","message":"Server is running on port 5001","timestamp":"2025-05-13T07:18:48.505Z"}
{"level":"info","message":"Database tables created successfully","timestamp":"2025-05-13T07:18:48.510Z"}
{"level":"info","message":"receive code: de3f104996adb51bLRojbAYC0CPTOnBXCnG3_lf, state: ","timestamp":"2025-05-13T07:24:56.146Z"}
{"level":"info","message":"Server is running on port 5001","timestamp":"2025-05-13T07:28:29.279Z"}
{"level":"info","message":"Database tables created successfully","timestamp":"2025-05-13T07:28:29.283Z"}
{"level":"info","message":"receive code: de3f104996adb51bLRojbAYC0CPTOnBXCnG3_lf, state: ","timestamp":"2025-05-13T07:28:34.531Z"}
{"level":"info","message":"receive code: de3f104996adb51bYD8d6dMmVoPok2J04A5K_hl, state: ","timestamp":"2025-05-13T07:29:09.598Z"}
{"level":"info","message":"Server is running on port 5001","timestamp":"2025-05-13T08:08:23.076Z"}
{"level":"info","message":"Database tables created successfully","timestamp":"2025-05-13T08:08:23.083Z"}
{"level":"info","message":"Server is running on port 5001","timestamp":"2025-05-13T08:12:40.221Z"}
{"level":"info","message":"Database tables created successfully","timestamp":"2025-05-13T08:12:40.226Z"}
{"level":"info","message":"Server is running on port 5001","timestamp":"2025-05-13T08:13:16.551Z"}
{"level":"info","message":"Database tables created successfully","timestamp":"2025-05-13T08:13:16.556Z"}
{"level":"info","message":"Server is running on port 5001","timestamp":"2025-05-13T08:15:52.400Z"}
{"level":"info","message":"Database tables created successfully","timestamp":"2025-05-13T08:15:52.405Z"}
{"level":"info","message":"Server is running on port 5001","timestamp":"2025-05-13T08:16:18.455Z"}
{"level":"info","message":"Database tables created successfully","timestamp":"2025-05-13T08:16:18.460Z"}
{"level":"info","message":"Server is running on port 5001","timestamp":"2025-05-13T08:17:04.804Z"}
{"level":"info","message":"Database tables created successfully","timestamp":"2025-05-13T08:17:04.809Z"}
{"level":"info","message":"Server is running on port 5001","timestamp":"2025-05-13T08:17:33.702Z"}
{"level":"info","message":"Database tables created successfully","timestamp":"2025-05-13T08:17:33.707Z"}
{"level":"info","message":"Server is running on port 5001","timestamp":"2025-05-13T08:17:52.855Z"}
{"level":"info","message":"Database tables created successfully","timestamp":"2025-05-13T08:17:52.860Z"}
{"level":"info","message":"Server is running on port 5001","timestamp":"2025-05-13T08:37:20.706Z"}
{"level":"info","message":"Database tables created successfully","timestamp":"2025-05-13T08:37:20.711Z"}
{"level":"info","message":"Server is running on port 5001","timestamp":"2025-05-13T08:37:58.947Z"}
{"level":"info","message":"Database tables created successfully","timestamp":"2025-05-13T08:37:58.953Z"}
{"level":"info","message":"Server is running on port 5001","timestamp":"2025-05-13T08:39:41.290Z"}
{"level":"info","message":"Database tables created successfully","timestamp":"2025-05-13T08:39:41.294Z"}
{"level":"info","message":"Server is running on port 5001","timestamp":"2025-05-13T08:42:23.292Z"}
{"level":"info","message":"Database tables created successfully","timestamp":"2025-05-13T08:42:23.296Z"}
{"level":"info","message":"Server is running on port 5001","timestamp":"2025-05-13T08:46:44.608Z"}
{"level":"info","message":"Database tables created successfully","timestamp":"2025-05-13T08:46:44.612Z"}
{"level":"info","message":"Server is running on port 5001","timestamp":"2025-05-13T08:47:47.673Z"}
{"level":"info","message":"Database tables created successfully","timestamp":"2025-05-13T08:47:47.678Z"}
{"level":"info","message":"Server is running on port 5001","timestamp":"2025-05-13T08:49:56.620Z"}
{"level":"info","message":"Database tables created successfully","timestamp":"2025-05-13T08:49:56.624Z"}
{"level":"info","message":"Server is running on port 5001","timestamp":"2025-05-13T08:50:38.544Z"}
{"level":"info","message":"Database tables created successfully","timestamp":"2025-05-13T08:50:38.549Z"}
{"level":"info","message":"Server is running on port 5001","timestamp":"2025-05-13T08:51:17.936Z"}
{"level":"info","message":"Database tables created successfully","timestamp":"2025-05-13T08:51:17.941Z"}
{"level":"info","message":"Server is running on port 5001","timestamp":"2025-05-13T09:10:27.469Z"}
{"level":"info","message":"Database tables created successfully","timestamp":"2025-05-13T09:10:27.474Z"}
{"level":"info","message":"receive code: de3f104996adb51br19qxbqkl5YDmIwroJt9_lf, state: ","timestamp":"2025-05-13T09:10:59.939Z"}
{"level":"info","message":"Server is running on port 5001","timestamp":"2025-05-13T11:08:32.711Z"}
{"level":"info","message":"Database tables created successfully","timestamp":"2025-05-13T11:08:32.726Z"}
{"level":"info","message":"Server is running on port 5001","timestamp":"2025-05-13T11:16:34.668Z"}
{"level":"info","message":"Database tables created successfully","timestamp":"2025-05-13T11:16:34.675Z"}
{"level":"info","message":"Server is running on port 5001","timestamp":"2025-05-13T11:19:13.877Z"}
{"level":"info","message":"Database tables created successfully","timestamp":"2025-05-13T11:19:13.996Z"}
{"level":"info","message":"receive code: de3f104996adb51bazzrvUMqki72jtS50gPY_lf, state: ","timestamp":"2025-05-13T11:20:36.127Z"}
{"level":"info","message":"Server is running on port 5001","timestamp":"2025-05-13T11:22:06.138Z"}
{"level":"info","message":"Database tables created successfully","timestamp":"2025-05-13T11:22:06.145Z"}
{"level":"info","message":"receive code: de3f104996adb51b7iE9HbJkSO388Fosb4Mr_hl, state: ","timestamp":"2025-05-13T11:22:38.054Z"}
{"level":"info","message":"Server is running on port 5001","timestamp":"2025-05-13T11:24:01.801Z"}
{"level":"info","message":"Database tables created successfully","timestamp":"2025-05-13T11:24:01.808Z"}
{"level":"info","message":"Server is running on port 5001","timestamp":"2025-05-13T11:26:47.948Z"}
{"level":"info","message":"Database tables created successfully","timestamp":"2025-05-13T11:26:48.068Z"}
{"level":"info","message":"receive code: de3f104996adb51bUPbdR6YMBzhYxOWkJLep_hl, state: ","timestamp":"2025-05-13T11:27:12.968Z"}
{"level":"info","message":"Server is running on port 5001","timestamp":"2025-05-13T11:38:08.964Z"}
{"level":"info","message":"Database tables created successfully","timestamp":"2025-05-13T11:38:08.975Z"}
{"level":"info","message":"Server is running on port 5001","timestamp":"2025-05-13T11:38:21.374Z"}
{"level":"info","message":"Database tables created successfully","timestamp":"2025-05-13T11:38:21.382Z"}
{"level":"info","message":"Server is running on port 5001","timestamp":"2025-05-13T11:38:44.987Z"}
{"level":"info","message":"Database tables created successfully","timestamp":"2025-05-13T11:38:44.994Z"}
{"level":"info","message":"Server is running on port 5001","timestamp":"2025-05-13T13:32:45.432Z"}
{"level":"info","message":"Database tables created successfully","timestamp":"2025-05-13T13:32:45.444Z"}
{"level":"info","message":"Server is running on port 5001","timestamp":"2025-05-13T14:06:54.940Z"}
{"level":"info","message":"Database tables created successfully","timestamp":"2025-05-13T14:06:54.953Z"}
{"level":"info","message":"Server is running on port 5001","timestamp":"2025-05-14T07:19:30.608Z"}
{"level":"info","message":"Database tables created successfully","timestamp":"2025-05-14T07:19:30.614Z"}
{"level":"info","message":"Server is running on port 5001","timestamp":"2025-05-14T07:20:43.633Z"}
{"level":"info","message":"Database tables created successfully","timestamp":"2025-05-14T07:20:43.637Z"}
{"level":"info","message":"Server is running on port 5001","timestamp":"2025-05-14T07:35:51.958Z"}
{"level":"info","message":"Database tables created successfully","timestamp":"2025-05-14T07:35:51.962Z"}
{"level":"info","message":"Server is running on port 5001","timestamp":"2025-05-14T07:37:19.777Z"}
{"level":"info","message":"Database tables created successfully","timestamp":"2025-05-14T07:37:19.781Z"}
{"level":"info","message":"Server is running on port 5001","timestamp":"2025-05-14T07:37:45.342Z"}
{"level":"info","message":"Database tables created successfully","timestamp":"2025-05-14T07:37:45.347Z"}
{"level":"info","message":"Server is running on port 5001","timestamp":"2025-05-14T07:46:04.540Z"}
{"level":"info","message":"Database tables created successfully","timestamp":"2025-05-14T07:46:04.544Z"}
{"level":"info","message":"Server is running on port 5001","timestamp":"2025-05-14T07:46:44.413Z"}
{"level":"info","message":"Database tables created successfully","timestamp":"2025-05-14T07:46:44.418Z"}
{"level":"info","message":"Server is running on port 5001","timestamp":"2025-05-14T08:38:56.154Z"}
{"level":"info","message":"Database tables created successfully","timestamp":"2025-05-14T08:38:56.167Z"}
{"level":"info","message":"Server is running on port 5001","timestamp":"2025-05-14T08:42:04.884Z"}
{"level":"info","message":"Database tables created successfully","timestamp":"2025-05-14T08:42:04.891Z"}
{"level":"info","message":"Server is running on port 5001","timestamp":"2025-05-14T08:42:12.989Z"}
{"level":"info","message":"Database tables created successfully","timestamp":"2025-05-14T08:42:12.997Z"}
{"level":"info","message":"Server is running on port 5001","timestamp":"2025-05-14T09:11:14.882Z"}
{"level":"info","message":"Database tables created successfully","timestamp":"2025-05-14T09:11:14.890Z"}
{"level":"info","message":"Server is running on port 5001","timestamp":"2025-05-14T09:15:52.810Z"}
{"level":"info","message":"Database tables created successfully","timestamp":"2025-05-14T09:15:52.819Z"}
{"level":"info","message":"Server is running on port 5001","timestamp":"2025-05-14T09:16:12.043Z"}
{"level":"info","message":"Database tables created successfully","timestamp":"2025-05-14T09:16:12.051Z"}
{"level":"info","message":"Server is running on port 5001","timestamp":"2025-05-14T10:52:22.992Z"}
{"level":"info","message":"Database tables created successfully","timestamp":"2025-05-14T10:52:22.999Z"}
{"level":"info","message":"Server is running on port 5001","timestamp":"2025-05-14T10:53:35.404Z"}
{"level":"info","message":"Database tables created successfully","timestamp":"2025-05-14T10:53:35.413Z"}
{"level":"info","message":"Server is running on port 5001","timestamp":"2025-05-14T10:54:52.616Z"}
{"level":"info","message":"Database tables created successfully","timestamp":"2025-05-14T10:54:52.624Z"}
{"level":"info","message":"Server is running on port 5001","timestamp":"2025-05-14T10:56:23.909Z"}
{"level":"info","message":"Database tables created successfully","timestamp":"2025-05-14T10:56:23.916Z"}
{"level":"info","message":"Server is running on port 5001","timestamp":"2025-05-14T10:57:03.612Z"}
{"level":"info","message":"Database tables created successfully","timestamp":"2025-05-14T10:57:03.619Z"}
{"level":"info","message":"Server is running on port 5001","timestamp":"2025-05-14T10:57:33.682Z"}
{"level":"info","message":"Database tables created successfully","timestamp":"2025-05-14T10:57:33.690Z"}
{"level":"info","message":"Server is running on port 5001","timestamp":"2025-05-14T10:57:43.643Z"}
{"level":"info","message":"Database tables created successfully","timestamp":"2025-05-14T10:57:43.652Z"}
{"level":"info","message":"Server is running on port 5001","timestamp":"2025-05-14T10:58:03.497Z"}
{"level":"info","message":"Database tables created successfully","timestamp":"2025-05-14T10:58:03.505Z"}
{"level":"info","message":"Server is running on port 5001","timestamp":"2025-05-14T11:00:01.432Z"}
{"level":"info","message":"Database tables created successfully","timestamp":"2025-05-14T11:00:01.439Z"}
{"level":"info","message":"Server is running on port 5001","timestamp":"2025-05-14T11:02:02.754Z"}
{"level":"info","message":"Database tables created successfully","timestamp":"2025-05-14T11:02:02.764Z"}
{"level":"info","message":"Server is running on port 5001","timestamp":"2025-05-14T11:11:41.470Z"}
{"level":"info","message":"Database tables created successfully","timestamp":"2025-05-14T11:11:41.477Z"}
{"level":"info","message":"Server is running on port 5001","timestamp":"2025-05-14T11:11:43.280Z"}
{"level":"info","message":"Database tables created successfully","timestamp":"2025-05-14T11:11:43.289Z"}
{"level":"info","message":"Server is running on port 5001","timestamp":"2025-05-14T11:12:01.618Z"}
{"level":"info","message":"Database tables created successfully","timestamp":"2025-05-14T11:12:01.626Z"}
{"level":"info","message":"Server is running on port 5001","timestamp":"2025-05-14T11:12:24.307Z"}
{"level":"info","message":"Database tables created successfully","timestamp":"2025-05-14T11:12:24.314Z"}
{"level":"info","message":"Server is running on port 5001","timestamp":"2025-05-14T11:12:30.454Z"}
{"level":"info","message":"Database tables created successfully","timestamp":"2025-05-14T11:12:30.464Z"}
{"level":"info","message":"Server is running on port 5001","timestamp":"2025-05-14T11:15:27.422Z"}
{"level":"info","message":"Database tables created successfully","timestamp":"2025-05-14T11:15:27.430Z"}
{"level":"info","message":"Server is running on port 5001","timestamp":"2025-05-14T11:21:02.123Z"}
{"level":"info","message":"Database tables created successfully","timestamp":"2025-05-14T11:21:02.131Z"}
{"level":"info","message":"Server is running on port 5001","timestamp":"2025-05-14T11:21:25.400Z"}
{"level":"info","message":"Database tables created successfully","timestamp":"2025-05-14T11:21:25.409Z"}
{"level":"info","message":"Server is running on port 5001","timestamp":"2025-05-14T11:23:56.210Z"}
{"level":"info","message":"Database tables created successfully","timestamp":"2025-05-14T11:23:56.218Z"}
{"level":"info","message":"Server is running on port 5001","timestamp":"2025-05-14T11:30:47.359Z"}
{"level":"info","message":"Database tables created successfully","timestamp":"2025-05-14T11:30:47.367Z"}
{"level":"info","message":"Server is running on port 5001","timestamp":"2025-05-14T11:30:58.626Z"}
{"level":"info","message":"Database tables created successfully","timestamp":"2025-05-14T11:30:58.634Z"}
{"level":"info","message":"Server is running on port 5001","timestamp":"2025-05-14T11:34:26.374Z"}
{"level":"info","message":"Database tables created successfully","timestamp":"2025-05-14T11:34:26.381Z"}
{"level":"info","message":"Server is running on port 5001","timestamp":"2025-05-14T11:35:36.184Z"}
{"level":"info","message":"Database tables created successfully","timestamp":"2025-05-14T11:35:36.191Z"}
{"level":"info","message":"Server is running on port 5001","timestamp":"2025-05-14T11:35:59.823Z"}
{"level":"info","message":"Database tables created successfully","timestamp":"2025-05-14T11:35:59.830Z"}
{"level":"info","message":"Server is running on port 5001","timestamp":"2025-05-14T11:37:23.298Z"}
{"level":"info","message":"Database tables created successfully","timestamp":"2025-05-14T11:37:23.305Z"}
{"level":"info","message":"Server is running on port 5001","timestamp":"2025-05-14T11:37:34.164Z"}
{"level":"info","message":"Database tables created successfully","timestamp":"2025-05-14T11:37:34.171Z"}
{"level":"info","message":"Server is running on port 5001","timestamp":"2025-05-14T11:46:21.127Z"}
{"level":"info","message":"Database tables created successfully","timestamp":"2025-05-14T11:46:21.134Z"}
{"level":"info","message":"Server is running on port 5001","timestamp":"2025-05-14T11:47:40.357Z"}
{"level":"info","message":"Database tables created successfully","timestamp":"2025-05-14T11:47:40.372Z"}
{"level":"info","message":"Server is running on port 5001","timestamp":"2025-05-14T11:48:14.336Z"}
{"level":"info","message":"Database tables created successfully","timestamp":"2025-05-14T11:48:14.343Z"}
{"level":"info","message":"Server is running on port 5001","timestamp":"2025-05-14T11:49:24.858Z"}
{"level":"info","message":"Database tables created successfully","timestamp":"2025-05-14T11:49:24.866Z"}
{"level":"info","message":"Server is running on port 5001","timestamp":"2025-05-14T11:49:39.180Z"}
{"level":"info","message":"Database tables created successfully","timestamp":"2025-05-14T11:49:39.188Z"}
{"level":"info","message":"Server is running on port 5001","timestamp":"2025-05-14T11:50:42.657Z"}
{"level":"info","message":"Database tables created successfully","timestamp":"2025-05-14T11:50:42.665Z"}
{"level":"info","message":"Server is running on port 5001","timestamp":"2025-05-14T11:56:08.581Z"}
{"level":"info","message":"Database tables created successfully","timestamp":"2025-05-14T11:56:08.590Z"}
{"level":"info","message":"Server is running on port 5001","timestamp":"2025-05-14T11:57:33.890Z"}
{"level":"info","message":"Database tables created successfully","timestamp":"2025-05-14T11:57:33.897Z"}
{"level":"info","message":"Server is running on port 5001","timestamp":"2025-05-14T12:08:35.886Z"}
{"level":"info","message":"Database tables created successfully","timestamp":"2025-05-14T12:08:35.896Z"}
{"level":"info","message":"Server is running on port 5001","timestamp":"2025-05-14T12:09:53.598Z"}
{"level":"info","message":"Database tables created successfully","timestamp":"2025-05-14T12:09:53.608Z"}
{"level":"info","message":"Server is running on port 5001","timestamp":"2025-05-14T12:11:09.780Z"}
{"level":"info","message":"Database tables created successfully","timestamp":"2025-05-14T12:11:09.791Z"}
{"level":"info","message":"Server is running on port 5001","timestamp":"2025-05-14T12:17:43.995Z"}
{"level":"info","message":"Database tables created successfully","timestamp":"2025-05-14T12:17:44.006Z"}
{"level":"info","message":"Server is running on port 5001","timestamp":"2025-05-14T12:20:37.235Z"}
{"level":"info","message":"Database tables created successfully","timestamp":"2025-05-14T12:20:37.246Z"}
{"level":"info","message":"Server is running on port 5001","timestamp":"2025-05-14T12:22:14.367Z"}
{"level":"info","message":"Database tables created successfully","timestamp":"2025-05-14T12:22:14.376Z"}
{"level":"info","message":"Server is running on port 5001","timestamp":"2025-05-14T12:32:17.353Z"}
{"level":"info","message":"Database tables created successfully","timestamp":"2025-05-14T12:32:17.362Z"}
{"level":"info","message":"Server is running on port 5001","timestamp":"2025-05-14T12:32:27.279Z"}
{"level":"info","message":"Database tables created successfully","timestamp":"2025-05-14T12:32:27.288Z"}
{"level":"info","message":"Server is running on port 5001","timestamp":"2025-05-14T12:32:33.786Z"}
{"level":"info","message":"Database tables created successfully","timestamp":"2025-05-14T12:32:33.794Z"}
{"level":"info","message":"Server is running on port 5001","timestamp":"2025-05-14T12:32:40.093Z"}
{"level":"info","message":"Database tables created successfully","timestamp":"2025-05-14T12:32:40.103Z"}
{"level":"info","message":"Server is running on port 5001","timestamp":"2025-05-14T12:32:54.134Z"}
{"level":"info","message":"Database tables created successfully","timestamp":"2025-05-14T12:32:54.143Z"}
{"level":"info","message":"Server is running on port 5001","timestamp":"2025-05-14T12:33:24.272Z"}
{"level":"info","message":"Database tables created successfully","timestamp":"2025-05-14T12:33:24.280Z"}
{"level":"info","message":"Server is running on port 5001","timestamp":"2025-05-14T12:34:22.084Z"}
{"level":"info","message":"Database tables created successfully","timestamp":"2025-05-14T12:34:22.092Z"}
{"level":"info","message":"Server is running on port 5001","timestamp":"2025-05-14T12:34:34.363Z"}
{"level":"info","message":"Database tables created successfully","timestamp":"2025-05-14T12:34:34.374Z"}
{"level":"info","message":"Server is running on port 5001","timestamp":"2025-05-14T12:35:01.193Z"}
{"level":"info","message":"Database tables created successfully","timestamp":"2025-05-14T12:35:01.202Z"}
{"level":"info","message":"Server is running on port 5001","timestamp":"2025-05-14T12:35:21.186Z"}
{"level":"info","message":"Database tables created successfully","timestamp":"2025-05-14T12:35:21.198Z"}
{"level":"info","message":"Server is running on port 5001","timestamp":"2025-05-14T12:35:25.989Z"}
{"level":"info","message":"Database tables created successfully","timestamp":"2025-05-14T12:35:26.002Z"}
{"level":"info","message":"Server is running on port 5001","timestamp":"2025-05-14T12:35:42.014Z"}
{"level":"info","message":"Database tables created successfully","timestamp":"2025-05-14T12:35:42.021Z"}
{"level":"info","message":"Server is running on port 5001","timestamp":"2025-05-14T12:36:40.452Z"}
{"level":"info","message":"Database tables created successfully","timestamp":"2025-05-14T12:36:40.461Z"}
{"level":"info","message":"Server is running on port 5001","timestamp":"2025-05-14T12:37:31.886Z"}
{"level":"info","message":"Database tables created successfully","timestamp":"2025-05-14T12:37:31.894Z"}
{"level":"info","message":"Server is running on port 5001","timestamp":"2025-05-14T12:41:47.268Z"}
{"level":"info","message":"Database tables created successfully","timestamp":"2025-05-14T12:41:47.275Z"}
{"level":"info","message":"Server is running on port 5001","timestamp":"2025-05-14T12:43:36.195Z"}
{"level":"info","message":"Database tables created successfully","timestamp":"2025-05-14T12:43:36.203Z"}
{"level":"info","message":"Server is running on port 5001","timestamp":"2025-05-14T12:47:33.115Z"}
{"level":"info","message":"Database tables created successfully","timestamp":"2025-05-14T12:47:33.127Z"}
{"level":"info","message":"Server is running on port 5001","timestamp":"2025-05-14T12:50:43.488Z"}
{"level":"info","message":"Database tables created successfully","timestamp":"2025-05-14T12:50:43.510Z"}
{"level":"info","message":"Server is running on port 5001","timestamp":"2025-05-14T12:51:47.316Z"}
{"level":"info","message":"Database tables created successfully","timestamp":"2025-05-14T12:51:47.324Z"}
{"level":"info","message":"Server is running on port 5001","timestamp":"2025-05-14T12:52:22.002Z"}
{"level":"info","message":"Database tables created successfully","timestamp":"2025-05-14T12:52:22.009Z"}
{"level":"info","message":"Server is running on port 5001","timestamp":"2025-05-14T12:57:33.741Z"}
{"level":"info","message":"Database tables created successfully","timestamp":"2025-05-14T12:57:33.749Z"}
{"level":"info","message":"Server is running on port 5001","timestamp":"2025-05-14T13:03:20.297Z"}
{"level":"info","message":"Database tables created successfully","timestamp":"2025-05-14T13:03:20.304Z"}
{"level":"info","message":"Server is running on port 5001","timestamp":"2025-05-14T13:04:04.432Z"}
{"level":"info","message":"Database tables created successfully","timestamp":"2025-05-14T13:04:04.451Z"}
{"level":"info","message":"Server is running on port 5001","timestamp":"2025-05-14T13:04:26.654Z"}
{"level":"info","message":"Database tables created successfully","timestamp":"2025-05-14T13:04:26.663Z"}
{"level":"info","message":"Server is running on port 5001","timestamp":"2025-05-14T13:04:30.871Z"}
{"level":"info","message":"Database tables created successfully","timestamp":"2025-05-14T13:04:30.880Z"}
{"level":"info","message":"Server is running on port 5001","timestamp":"2025-05-14T13:11:51.639Z"}
{"level":"info","message":"Database tables created successfully","timestamp":"2025-05-14T13:11:51.653Z"}
{"level":"info","message":"Server is running on port 5001","timestamp":"2025-05-14T13:11:56.452Z"}
{"level":"info","message":"Database tables created successfully","timestamp":"2025-05-14T13:11:56.460Z"}
{"level":"info","message":"Server is running on port 5001","timestamp":"2025-05-14T13:17:06.218Z"}
{"level":"info","message":"Database tables created successfully","timestamp":"2025-05-14T13:17:06.231Z"}
{"level":"info","message":"Server is running on port 5001","timestamp":"2025-05-14T13:18:01.113Z"}
{"level":"info","message":"Database tables created successfully","timestamp":"2025-05-14T13:18:01.131Z"}
{"level":"info","message":"Server is running on port 5001","timestamp":"2025-05-14T13:22:58.126Z"}
{"level":"info","message":"Database tables created successfully","timestamp":"2025-05-14T13:22:58.134Z"}
{"level":"info","message":"Server is running on port 5001","timestamp":"2025-05-14T13:24:14.792Z"}
{"level":"info","message":"Database tables created successfully","timestamp":"2025-05-14T13:24:14.803Z"}
{"level":"info","message":"Server is running on port 5001","timestamp":"2025-05-14T13:26:05.734Z"}
{"level":"info","message":"Database tables created successfully","timestamp":"2025-05-14T13:26:05.743Z"}
{"level":"info","message":"Server is running on port 5001","timestamp":"2025-05-15T06:24:50.188Z"}
{"level":"info","message":"Database tables created successfully","timestamp":"2025-05-15T06:24:50.198Z"}
{"level":"info","message":"Server is running on port 5001","timestamp":"2025-05-15T06:27:00.575Z"}
{"level":"info","message":"Database tables created successfully","timestamp":"2025-05-15T06:27:00.590Z"}
{"level":"info","message":"Server is running on port 5001","timestamp":"2025-05-15T06:38:21.531Z"}
{"level":"info","message":"Database tables created successfully","timestamp":"2025-05-15T06:38:21.542Z"}
{"level":"info","message":"Server is running on port 5001","timestamp":"2025-05-15T06:39:52.779Z"}
{"level":"info","message":"Database tables created successfully","timestamp":"2025-05-15T06:39:52.791Z"}
{"level":"info","message":"Server is running on port 5001","timestamp":"2025-05-15T06:41:30.820Z"}
{"level":"info","message":"Database tables created successfully","timestamp":"2025-05-15T06:41:30.831Z"}
{"level":"info","message":"Server is running on port 5001","timestamp":"2025-05-15T06:49:01.162Z"}
{"level":"info","message":"Database tables created successfully","timestamp":"2025-05-15T06:49:01.172Z"}
{"level":"info","message":"Server is running on port 5001","timestamp":"2025-05-15T06:49:09.608Z"}
{"level":"info","message":"Database tables created successfully","timestamp":"2025-05-15T06:49:09.621Z"}
{"level":"info","message":"Server is running on port 5001","timestamp":"2025-05-15T06:50:10.691Z"}
{"level":"info","message":"Database tables created successfully","timestamp":"2025-05-15T06:50:10.699Z"}
{"level":"info","message":"Server is running on port 5001","timestamp":"2025-05-15T06:57:14.481Z"}
{"level":"info","message":"Database tables created successfully","timestamp":"2025-05-15T06:57:14.490Z"}
{"level":"info","message":"Server is running on port 5001","timestamp":"2025-05-15T07:02:13.178Z"}
{"level":"info","message":"Database tables created successfully","timestamp":"2025-05-15T07:02:13.188Z"}
{"level":"info","message":"Server is running on port 5001","timestamp":"2025-05-15T07:02:47.366Z"}
{"level":"info","message":"Database tables created successfully","timestamp":"2025-05-15T07:02:47.379Z"}
{"level":"info","message":"Server is running on port 5001","timestamp":"2025-05-15T07:15:26.169Z"}
{"level":"info","message":"Database tables created successfully","timestamp":"2025-05-15T07:15:26.176Z"}
{"level":"info","message":"Server is running on port 5001","timestamp":"2025-05-15T07:16:45.586Z"}
{"level":"info","message":"Database tables created successfully","timestamp":"2025-05-15T07:16:45.598Z"}
{"level":"info","message":"Server is running on port 5001","timestamp":"2025-05-15T07:17:05.120Z"}
{"level":"info","message":"Database tables created successfully","timestamp":"2025-05-15T07:17:05.136Z"}
{"level":"info","message":"Server is running on port 5001","timestamp":"2025-05-15T07:18:16.860Z"}
{"level":"info","message":"Database tables created successfully","timestamp":"2025-05-15T07:18:16.871Z"}
{"level":"info","message":"Server is running on port 5001","timestamp":"2025-05-15T07:20:02.918Z"}
{"level":"info","message":"Database tables created successfully","timestamp":"2025-05-15T07:20:02.928Z"}
{"level":"info","message":"Server is running on port 5001","timestamp":"2025-05-15T07:21:16.806Z"}
{"level":"info","message":"Database tables created successfully","timestamp":"2025-05-15T07:21:16.815Z"}
{"level":"info","message":"Server is running on port 5001","timestamp":"2025-05-15T07:22:11.663Z"}
{"level":"info","message":"Database tables created successfully","timestamp":"2025-05-15T07:22:11.672Z"}
{"level":"info","message":"Server is running on port 5001","timestamp":"2025-05-15T07:22:29.105Z"}
{"level":"info","message":"Database tables created successfully","timestamp":"2025-05-15T07:22:29.118Z"}
{"level":"info","message":"Server is running on port 5001","timestamp":"2025-05-15T07:22:42.307Z"}
{"level":"info","message":"Database tables created successfully","timestamp":"2025-05-15T07:22:42.317Z"}
{"level":"info","message":"Server is running on port 5001","timestamp":"2025-05-15T07:24:22.724Z"}
{"level":"info","message":"Database tables created successfully","timestamp":"2025-05-15T07:24:22.736Z"}
{"level":"info","message":"Server is running on port 5001","timestamp":"2025-05-15T07:24:35.568Z"}
{"level":"info","message":"Database tables created successfully","timestamp":"2025-05-15T07:24:35.579Z"}
{"level":"info","message":"Server is running on port 5001","timestamp":"2025-05-15T07:36:22.804Z"}
{"level":"info","message":"Database tables created successfully","timestamp":"2025-05-15T07:36:22.813Z"}
{"level":"info","message":"Server is running on port 5001","timestamp":"2025-05-15T07:36:27.165Z"}
{"level":"info","message":"Database tables created successfully","timestamp":"2025-05-15T07:36:27.175Z"}
{"level":"info","message":"Server is running on port 5001","timestamp":"2025-05-15T07:40:47.917Z"}
{"level":"info","message":"Database tables created successfully","timestamp":"2025-05-15T07:40:47.928Z"}
{"level":"info","message":"Server is running on port 5001","timestamp":"2025-05-15T07:41:21.922Z"}
{"level":"info","message":"Database tables created successfully","timestamp":"2025-05-15T07:41:21.932Z"}
{"level":"info","message":"Server is running on port 5001","timestamp":"2025-05-15T07:41:50.570Z"}
{"level":"info","message":"Database tables created successfully","timestamp":"2025-05-15T07:41:50.578Z"}
{"level":"info","message":"Server is running on port 5001","timestamp":"2025-05-15T07:41:59.120Z"}
{"level":"info","message":"Database tables created successfully","timestamp":"2025-05-15T07:41:59.130Z"}
{"level":"info","message":"Server is running on port 5001","timestamp":"2025-05-15T07:57:05.897Z"}
{"level":"info","message":"Database tables created successfully","timestamp":"2025-05-15T07:57:05.907Z"}
{"level":"info","message":"Server is running on port 5001","timestamp":"2025-05-15T07:57:14.882Z"}
{"level":"info","message":"Database tables created successfully","timestamp":"2025-05-15T07:57:14.892Z"}
{"level":"info","message":"Server is running on port 5001","timestamp":"2025-05-15T07:58:35.940Z"}
{"level":"info","message":"Database tables created successfully","timestamp":"2025-05-15T07:58:35.949Z"}
{"level":"info","message":"Server is running on port 5001","timestamp":"2025-05-15T07:59:10.363Z"}
{"level":"info","message":"Database tables created successfully","timestamp":"2025-05-15T07:59:10.374Z"}
{"level":"info","message":"Server is running on port 5001","timestamp":"2025-05-15T07:59:58.427Z"}
{"level":"info","message":"Database tables created successfully","timestamp":"2025-05-15T07:59:58.434Z"}
{"level":"info","message":"Server is running on port 5001","timestamp":"2025-05-15T08:00:24.967Z"}
{"level":"info","message":"Database tables created successfully","timestamp":"2025-05-15T08:00:24.974Z"}
{"level":"info","message":"Server is running on port 5001","timestamp":"2025-05-15T08:01:58.201Z"}
{"level":"info","message":"Database tables created successfully","timestamp":"2025-05-15T08:01:58.211Z"}
{"level":"info","message":"Server is running on port 5001","timestamp":"2025-05-15T08:02:03.905Z"}
{"level":"info","message":"Database tables created successfully","timestamp":"2025-05-15T08:02:03.915Z"}
{"level":"info","message":"Server is running on port 5001","timestamp":"2025-05-15T08:03:56.227Z"}
{"level":"info","message":"Database tables created successfully","timestamp":"2025-05-15T08:03:56.237Z"}
{"level":"info","message":"Server is running on port 5001","timestamp":"2025-05-15T08:05:54.292Z"}
{"level":"info","message":"Database tables created successfully","timestamp":"2025-05-15T08:05:54.303Z"}
{"level":"info","message":"Server is running on port 5001","timestamp":"2025-05-15T08:08:31.456Z"}
{"level":"info","message":"Database tables created successfully","timestamp":"2025-05-15T08:08:31.469Z"}
{"level":"info","message":"Server is running on port 5001","timestamp":"2025-05-15T08:10:13.166Z"}
{"level":"info","message":"Database tables created successfully","timestamp":"2025-05-15T08:10:13.176Z"}
{"level":"info","message":"Server is running on port 5001","timestamp":"2025-05-15T08:12:41.635Z"}
{"level":"info","message":"Database tables created successfully","timestamp":"2025-05-15T08:12:41.646Z"}
{"level":"info","message":"Server is running on port 5001","timestamp":"2025-05-15T08:20:08.141Z"}
{"level":"info","message":"Database tables created successfully","timestamp":"2025-05-15T08:20:08.150Z"}
{"level":"info","message":"Server is running on port 5001","timestamp":"2025-05-15T08:23:55.045Z"}
{"level":"info","message":"Database tables created successfully","timestamp":"2025-05-15T08:23:55.053Z"}
{"level":"info","message":"Server is running on port 5001","timestamp":"2025-05-15T08:24:08.902Z"}
{"level":"info","message":"Database tables created successfully","timestamp":"2025-05-15T08:24:08.913Z"}
{"level":"info","message":"Server is running on port 5001","timestamp":"2025-05-15T08:27:16.512Z"}
{"level":"info","message":"Database tables created successfully","timestamp":"2025-05-15T08:27:16.520Z"}
{"level":"info","message":"Server is running on port 5001","timestamp":"2025-05-15T08:28:06.035Z"}
{"level":"info","message":"Database tables created successfully","timestamp":"2025-05-15T08:28:06.048Z"}
{"level":"info","message":"Server is running on port 5001","timestamp":"2025-05-15T08:31:46.293Z"}
{"level":"info","message":"Database tables created successfully","timestamp":"2025-05-15T08:31:46.300Z"}
{"level":"info","message":"Server is running on port 5001","timestamp":"2025-05-15T08:32:12.987Z"}
{"level":"info","message":"Database tables created successfully","timestamp":"2025-05-15T08:32:12.994Z"}
{"level":"info","message":"Server is running on port 5001","timestamp":"2025-05-15T08:32:19.564Z"}
{"level":"info","message":"Database tables created successfully","timestamp":"2025-05-15T08:32:19.572Z"}
{"level":"info","message":"Server is running on port 5001","timestamp":"2025-05-15T08:32:33.527Z"}
{"level":"info","message":"Database tables created successfully","timestamp":"2025-05-15T08:32:33.536Z"}
{"level":"info","message":"Server is running on port 5001","timestamp":"2025-05-15T08:37:28.333Z"}
{"level":"info","message":"Database tables created successfully","timestamp":"2025-05-15T08:37:28.342Z"}
{"level":"info","message":"Server is running on port 5001","timestamp":"2025-05-15T08:39:16.766Z"}
{"level":"info","message":"Database tables created successfully","timestamp":"2025-05-15T08:39:16.774Z"}
{"level":"info","message":"Server is running on port 5001","timestamp":"2025-05-15T08:40:06.617Z"}
{"level":"info","message":"Database tables created successfully","timestamp":"2025-05-15T08:40:06.627Z"}
{"level":"info","message":"Server is running on port 5001","timestamp":"2025-05-15T08:40:18.513Z"}
{"level":"info","message":"Database tables created successfully","timestamp":"2025-05-15T08:40:18.522Z"}
{"level":"info","message":"Server is running on port 5001","timestamp":"2025-05-15T08:40:23.161Z"}
{"level":"info","message":"Database tables created successfully","timestamp":"2025-05-15T08:40:23.168Z"}
{"level":"info","message":"Server is running on port 5001","timestamp":"2025-05-15T08:41:19.977Z"}
{"level":"info","message":"Database tables created successfully","timestamp":"2025-05-15T08:41:19.984Z"}
{"level":"info","message":"Server is running on port 5001","timestamp":"2025-05-15T08:42:15.704Z"}
{"level":"info","message":"Database tables created successfully","timestamp":"2025-05-15T08:42:15.716Z"}
{"level":"info","message":"Server is running on port 5001","timestamp":"2025-05-15T08:43:26.619Z"}
{"level":"info","message":"Database tables created successfully","timestamp":"2025-05-15T08:43:26.626Z"}
{"level":"info","message":"Server is running on port 5001","timestamp":"2025-05-15T08:51:43.845Z"}
{"level":"info","message":"Database tables created successfully","timestamp":"2025-05-15T08:51:43.854Z"}
{"level":"info","message":"Server is running on port 5001","timestamp":"2025-05-15T08:51:52.640Z"}
{"level":"info","message":"Database tables created successfully","timestamp":"2025-05-15T08:51:52.647Z"}
